<?xml version="1.0" encoding="UTF-8"?>
<testng-results skipped="0" failed="0" total="1" passed="1">
  <reporter-output>
  </reporter-output>
  <suite name="Default suite" duration-ms="5410" started-at="2016-02-06T19:56:37Z" finished-at="2016-02-06T19:56:42Z">
    <groups>
    </groups>
    <test name="Default test" duration-ms="5410" started-at="2016-02-06T19:56:37Z" finished-at="2016-02-06T19:56:42Z">
      <class name="ru.greg3d.DoLogin">
        <test-method status="PASS" signature="init()[pri:0, instance:ru.greg3d.DoLogin@1dfbc7f]" name="init" is-config="true" duration-ms="4619" started-at="2016-02-06T22:56:37Z" finished-at="2016-02-06T22:56:41Z">
          <reporter-output>
          </reporter-output>
        </test-method> <!-- init -->
        <test-method status="PASS" signature="DoLoginTest()[pri:0, instance:ru.greg3d.DoLogin@1dfbc7f]" name="DoLoginTest" duration-ms="770" started-at="2016-02-06T22:56:41Z" finished-at="2016-02-06T22:56:42Z">
          <reporter-output>
          </reporter-output>
        </test-method> <!-- DoLoginTest -->
        <test-method status="PASS" signature="tearDown()[pri:0, instance:ru.greg3d.DoLogin@1dfbc7f]" name="tearDown" is-config="true" duration-ms="105" started-at="2016-02-06T22:56:42Z" finished-at="2016-02-06T22:56:42Z">
          <reporter-output>
          </reporter-output>
        </test-method> <!-- tearDown -->
      </class> <!-- ru.greg3d.DoLogin -->
    </test> <!-- Default test -->
  </suite> <!-- Default suite -->
</testng-results>
